<?xml version="1.0" encoding="UTF-8"?>
<!-- Generated by org.testng.reporters.JUnitReportReporter -->
<testsuite hostname="Shivam" failures="0" tests="1" name="com.signup.signUp" time="5.510" errors="0" timestamp="25 May 2024 09:07:40 GMT">
  <testcase classname="com.signup.signUp" name="signUpTest" time="5.510"/>
</testsuite> <!-- com.signup.signUp -->
