<?xml version="1.0" encoding="UTF-8"?>
<!-- Generated by org.testng.reporters.JUnitReportReporter -->
<testsuite hostname="Shivam" failures="0" tests="1" name="com.addWish.addtowish" time="19.018" errors="0" timestamp="26 May 2024 11:55:08 GMT">
  <testcase classname="com.addWish.addtowish" name="cart" time="19.018"/>
</testsuite> <!-- com.addWish.addtowish -->
