<?xml version="1.0" encoding="UTF-8"?>
<!-- Generated by org.testng.reporters.JUnitReportReporter -->
<testsuite hostname="Shivam" failures="0" tests="1" name="com.addCart.addToCart1" time="18.975" errors="0" timestamp="26 May 2024 11:48:21 GMT">
  <testcase classname="com.addCart.addToCart1" name="cart" time="18.975"/>
</testsuite> <!-- com.addCart.addToCart1 -->
